<?xml version="1.0" encoding="UTF-8"?>
<!-- Generated by org.testng.reporters.JUnitReportReporter -->
<testsuite skipped="0" hostname="HP" name="firstMaven.SeleniumTest" tests="2" failures="0" timestamp="2021-03-06T19:50:30 IST" time="0.032" errors="0">
  <testcase name="BrowserM" time="0.031" classname="firstMaven.SeleniumTest"/>
  <system-out/>
  <testcase name="elementsUI" time="0.001" classname="firstMaven.SeleniumTest"/>
  <system-out/>
</testsuite> <!-- firstMaven.SeleniumTest -->
